{"/Users/jerssonma/Personal/tech-tests/global-66/src/components/Button.vue": {"path":"/Users/jerssonma/Personal/tech-tests/global-66/src/components/Button.vue","statementMap":{"0":{"start":{"line":8,"column":15},"end":{"line":8,"column":null}},"1":{"start":{"line":12,"column":47},"end":{"line":12,"column":null}},"2":{"start":{"line":17,"column":6},"end":{"line":17,"column":13}}},"fnMap":{"0":{"name":"(anonymous_0)","decl":{"start":{"line":12,"column":41},"end":{"line":12,"column":47}},"loc":{"start":{"line":12,"column":47},"end":{"line":12,"column":null}}},"1":{"name":"(anonymous_1)","decl":{"start":{"line":13,"column":40},"end":{"line":13,"column":46}},"loc":{"start":{"line":13,"column":46},"end":{"line":13,"column":null}}},"2":{"name":"(anonymous_2)","decl":{"start":{"line":16,"column":4},"end":{"line":16,"column":15}},"loc":{"start":{"line":16,"column":18},"end":{"line":22,"column":null}}}},"branchMap":{"0":{"loc":{"start":{"line":18,"column":22},"end":{"line":18,"column":37}},"type":"binary-expr","locations":[{"start":{"line":18,"column":22},"end":{"line":18,"column":37}},{"start":{"line":18,"column":37},"end":{"line":18,"column":null}}]}},"s":{"0":2,"1":4,"2":3},"f":{"0":4,"1":0,"2":3},"b":{"0":[3,0]}}
,"/Users/jerssonma/Personal/tech-tests/global-66/src/components/FabButtonStar.vue": {"path":"/Users/jerssonma/Personal/tech-tests/global-66/src/components/FabButtonStar.vue","statementMap":{"0":{"start":{"line":9,"column":15},"end":{"line":9,"column":null}},"1":{"start":{"line":17,"column":6},"end":{"line":17,"column":11}}},"fnMap":{"0":{"name":"(anonymous_0)","decl":{"start":{"line":12,"column":40},"end":{"line":12,"column":46}},"loc":{"start":{"line":12,"column":46},"end":{"line":12,"column":null}}},"1":{"name":"(anonymous_1)","decl":{"start":{"line":16,"column":4},"end":{"line":16,"column":17}},"loc":{"start":{"line":16,"column":21},"end":{"line":18,"column":null}}}},"branchMap":{},"s":{"0":3,"1":3},"f":{"0":0,"1":3},"b":{}}
,"/Users/jerssonma/Personal/tech-tests/global-66/src/components/PokemonCard.vue": {"path":"/Users/jerssonma/Personal/tech-tests/global-66/src/components/PokemonCard.vue","statementMap":{"0":{"start":{"line":49,"column":0},"end":{"line":49,"column":null}},"1":{"start":{"line":50,"column":0},"end":{"line":50,"column":null}},"2":{"start":{"line":51,"column":0},"end":{"line":51,"column":null}},"3":{"start":{"line":52,"column":0},"end":{"line":52,"column":null}},"4":{"start":{"line":54,"column":15},"end":{"line":54,"column":null}},"5":{"start":{"line":60,"column":22},"end":{"line":60,"column":null}},"6":{"start":{"line":69,"column":52},"end":{"line":69,"column":null}},"7":{"start":{"line":75,"column":6},"end":{"line":75,"column":16}},"8":{"start":{"line":78,"column":6},"end":{"line":78,"column":11}}},"fnMap":{"0":{"name":"(anonymous_0)","decl":{"start":{"line":60,"column":15},"end":{"line":60,"column":22}},"loc":{"start":{"line":60,"column":22},"end":{"line":60,"column":null}}},"1":{"name":"(anonymous_1)","decl":{"start":{"line":69,"column":46},"end":{"line":69,"column":52}},"loc":{"start":{"line":69,"column":52},"end":{"line":69,"column":null}}},"2":{"name":"(anonymous_2)","decl":{"start":{"line":70,"column":49},"end":{"line":70,"column":55}},"loc":{"start":{"line":70,"column":55},"end":{"line":70,"column":null}}},"3":{"name":"(anonymous_3)","decl":{"start":{"line":71,"column":44},"end":{"line":71,"column":50}},"loc":{"start":{"line":71,"column":50},"end":{"line":71,"column":null}}},"4":{"name":"(anonymous_4)","decl":{"start":{"line":74,"column":4},"end":{"line":74,"column":22}},"loc":{"start":{"line":74,"column":25},"end":{"line":76,"column":null}}},"5":{"name":"(anonymous_5)","decl":{"start":{"line":77,"column":4},"end":{"line":77,"column":18}},"loc":{"start":{"line":77,"column":22},"end":{"line":79,"column":null}}}},"branchMap":{},"s":{"0":1,"1":1,"2":1,"3":1,"4":1,"5":1,"6":2,"7":0,"8":1},"f":{"0":1,"1":2,"2":0,"3":1,"4":0,"5":1},"b":{}}
,"/Users/jerssonma/Personal/tech-tests/global-66/src/components/PokemonItem.vue": {"path":"/Users/jerssonma/Personal/tech-tests/global-66/src/components/PokemonItem.vue","statementMap":{"0":{"start":{"line":9,"column":0},"end":{"line":9,"column":null}},"1":{"start":{"line":11,"column":15},"end":{"line":11,"column":null}},"2":{"start":{"line":17,"column":52},"end":{"line":17,"column":null}}},"fnMap":{"0":{"name":"(anonymous_0)","decl":{"start":{"line":15,"column":44},"end":{"line":15,"column":50}},"loc":{"start":{"line":15,"column":50},"end":{"line":15,"column":null}}},"1":{"name":"(anonymous_1)","decl":{"start":{"line":16,"column":40},"end":{"line":16,"column":46}},"loc":{"start":{"line":16,"column":46},"end":{"line":16,"column":null}}},"2":{"name":"(anonymous_2)","decl":{"start":{"line":17,"column":46},"end":{"line":17,"column":52}},"loc":{"start":{"line":17,"column":52},"end":{"line":17,"column":null}}}},"branchMap":{},"s":{"0":1,"1":1,"2":0},"f":{"0":0,"1":0,"2":0},"b":{}}
,"/Users/jerssonma/Personal/tech-tests/global-66/src/components/PokemonList.vue": {"path":"/Users/jerssonma/Personal/tech-tests/global-66/src/components/PokemonList.vue","statementMap":{"0":{"start":{"line":16,"column":0},"end":{"line":16,"column":null}},"1":{"start":{"line":18,"column":15},"end":{"line":18,"column":null}},"2":{"start":{"line":24,"column":44},"end":{"line":24,"column":null}},"3":{"start":{"line":25,"column":45},"end":{"line":25,"column":null}}},"fnMap":{"0":{"name":"(anonymous_0)","decl":{"start":{"line":24,"column":38},"end":{"line":24,"column":44}},"loc":{"start":{"line":24,"column":44},"end":{"line":24,"column":null}}},"1":{"name":"(anonymous_1)","decl":{"start":{"line":25,"column":39},"end":{"line":25,"column":45}},"loc":{"start":{"line":25,"column":45},"end":{"line":25,"column":null}}},"2":{"name":"(anonymous_2)","decl":{"start":{"line":26,"column":40},"end":{"line":26,"column":46}},"loc":{"start":{"line":26,"column":46},"end":{"line":26,"column":null}}},"3":{"name":"(anonymous_3)","decl":{"start":{"line":27,"column":44},"end":{"line":27,"column":50}},"loc":{"start":{"line":27,"column":50},"end":{"line":27,"column":null}}}},"branchMap":{},"s":{"0":1,"1":1,"2":0,"3":2},"f":{"0":0,"1":2,"2":0,"3":0},"b":{}}
,"/Users/jerssonma/Personal/tech-tests/global-66/src/components/SearchInput.vue": {"path":"/Users/jerssonma/Personal/tech-tests/global-66/src/components/SearchInput.vue","statementMap":{"0":{"start":{"line":13,"column":15},"end":{"line":13,"column":null}}},"fnMap":{},"branchMap":{},"s":{"0":1},"f":{},"b":{}}
,"/Users/jerssonma/Personal/tech-tests/global-66/src/utils/clipboard.js": {"path":"/Users/jerssonma/Personal/tech-tests/global-66/src/utils/clipboard.js","statementMap":{"0":{"start":{"line":2,"column":13},"end":{"line":2,"column":47}},"1":{"start":{"line":3,"column":2},"end":{"line":3,"column":20}},"2":{"start":{"line":4,"column":2},"end":{"line":4,"column":34}},"3":{"start":{"line":5,"column":2},"end":{"line":5,"column":33}},"4":{"start":{"line":6,"column":2},"end":{"line":6,"column":28}},"5":{"start":{"line":7,"column":2},"end":{"line":7,"column":32}},"6":{"start":{"line":8,"column":2},"end":{"line":8,"column":14}},"7":{"start":{"line":9,"column":2},"end":{"line":9,"column":31}},"8":{"start":{"line":10,"column":2},"end":{"line":10,"column":32}}},"fnMap":{"0":{"name":"(anonymous_0)","decl":{"start":{"line":1,"column":15},"end":{"line":1,"column":16}},"loc":{"start":{"line":1,"column":27},"end":{"line":11,"column":1}},"line":1}},"branchMap":{},"s":{"0":1,"1":1,"2":1,"3":1,"4":1,"5":1,"6":1,"7":1,"8":1},"f":{"0":1},"b":{},"_coverageSchema":"43e27e138ebf9cfc5966b082cf9a028302ed4184","hash":"4e09e165f7d37c49638bf3ffdc2dc7d702e0cae5"}
,"/Users/jerssonma/Personal/tech-tests/global-66/src/utils/strings.js": {"path":"/Users/jerssonma/Personal/tech-tests/global-66/src/utils/strings.js","statementMap":{"0":{"start":{"line":1,"column":24},"end":{"line":2,"column":62}},"1":{"start":{"line":2,"column":2},"end":{"line":2,"column":62}},"2":{"start":{"line":4,"column":30},"end":{"line":9,"column":3}},"3":{"start":{"line":5,"column":2},"end":{"line":9,"column":3}},"4":{"start":{"line":7,"column":6},"end":{"line":7,"column":67}}},"fnMap":{"0":{"name":"(anonymous_0)","decl":{"start":{"line":1,"column":24},"end":{"line":1,"column":25}},"loc":{"start":{"line":2,"column":2},"end":{"line":2,"column":62}},"line":2},"1":{"name":"(anonymous_1)","decl":{"start":{"line":4,"column":30},"end":{"line":4,"column":31}},"loc":{"start":{"line":5,"column":2},"end":{"line":9,"column":3}},"line":5},"2":{"name":"(anonymous_2)","decl":{"start":{"line":6,"column":4},"end":{"line":6,"column":5}},"loc":{"start":{"line":7,"column":6},"end":{"line":7,"column":67}},"line":7}},"branchMap":{"0":{"loc":{"start":{"line":1,"column":25},"end":{"line":1,"column":41}},"type":"default-arg","locations":[{"start":{"line":1,"column":39},"end":{"line":1,"column":41}}],"line":1},"1":{"loc":{"start":{"line":1,"column":43},"end":{"line":1,"column":58}},"type":"default-arg","locations":[{"start":{"line":1,"column":56},"end":{"line":1,"column":58}}],"line":1},"2":{"loc":{"start":{"line":4,"column":31},"end":{"line":4,"column":42}},"type":"default-arg","locations":[{"start":{"line":4,"column":40},"end":{"line":4,"column":42}}],"line":4},"3":{"loc":{"start":{"line":7,"column":15},"end":{"line":7,"column":26}},"type":"binary-expr","locations":[{"start":{"line":7,"column":15},"end":{"line":7,"column":20}},{"start":{"line":7,"column":24},"end":{"line":7,"column":26}}],"line":7},"4":{"loc":{"start":{"line":7,"column":29},"end":{"line":7,"column":65}},"type":"cond-expr","locations":[{"start":{"line":7,"column":57},"end":{"line":7,"column":59}},{"start":{"line":7,"column":62},"end":{"line":7,"column":65}}],"line":7}},"s":{"0":2,"1":1,"2":2,"3":1,"4":2},"f":{"0":1,"1":1,"2":2},"b":{"0":[0],"1":[0],"2":[0],"3":[2,1],"4":[1,1]},"_coverageSchema":"43e27e138ebf9cfc5966b082cf9a028302ed4184","hash":"a3034d50203ee18100d19585fc456387c0e3753a"}
}
