TN:
SF:/Users/jerssonma/Personal/tech-tests/global-66/src/components/Button.vue
FN:12,(anonymous_0)
FN:13,(anonymous_1)
FN:16,(anonymous_2)
FNF:3
FNH:2
FNDA:4,(anonymous_0)
FNDA:0,(anonymous_1)
FNDA:3,(anonymous_2)
DA:8,2
DA:12,4
DA:17,3
LF:3
LH:3
BRDA:18,0,0,3
BRDA:18,0,1,0
BRF:2
BRH:1
end_of_record
TN:
SF:/Users/jerssonma/Personal/tech-tests/global-66/src/components/FabButtonStar.vue
FN:12,(anonymous_0)
FN:16,(anonymous_1)
FNF:2
FNH:1
FNDA:0,(anonymous_0)
FNDA:3,(anonymous_1)
DA:9,3
DA:17,3
LF:2
LH:2
BRF:0
BRH:0
end_of_record
TN:
SF:/Users/jerssonma/Personal/tech-tests/global-66/src/components/PokemonCard.vue
FN:60,(anonymous_0)
FN:69,(anonymous_1)
FN:70,(anonymous_2)
FN:71,(anonymous_3)
FN:74,(anonymous_4)
FN:77,(anonymous_5)
FNF:6
FNH:4
FNDA:1,(anonymous_0)
FNDA:2,(anonymous_1)
FNDA:0,(anonymous_2)
FNDA:1,(anonymous_3)
FNDA:0,(anonymous_4)
FNDA:1,(anonymous_5)
DA:49,1
DA:50,1
DA:51,1
DA:52,1
DA:54,1
DA:60,1
DA:69,2
DA:75,0
DA:78,1
LF:9
LH:8
BRF:0
BRH:0
end_of_record
TN:
SF:/Users/jerssonma/Personal/tech-tests/global-66/src/components/PokemonItem.vue
FN:15,(anonymous_0)
FN:16,(anonymous_1)
FN:17,(anonymous_2)
FNF:3
FNH:0
FNDA:0,(anonymous_0)
FNDA:0,(anonymous_1)
FNDA:0,(anonymous_2)
DA:9,1
DA:11,1
DA:17,0
LF:3
LH:2
BRF:0
BRH:0
end_of_record
TN:
SF:/Users/jerssonma/Personal/tech-tests/global-66/src/components/PokemonList.vue
FN:24,(anonymous_0)
FN:25,(anonymous_1)
FN:26,(anonymous_2)
FN:27,(anonymous_3)
FNF:4
FNH:1
FNDA:0,(anonymous_0)
FNDA:2,(anonymous_1)
FNDA:0,(anonymous_2)
FNDA:0,(anonymous_3)
DA:16,1
DA:18,1
DA:24,0
DA:25,2
LF:4
LH:3
BRF:0
BRH:0
end_of_record
TN:
SF:/Users/jerssonma/Personal/tech-tests/global-66/src/components/SearchInput.vue
FNF:0
FNH:0
DA:13,1
LF:1
LH:1
BRF:0
BRH:0
end_of_record
TN:
SF:/Users/jerssonma/Personal/tech-tests/global-66/src/utils/clipboard.js
FN:1,(anonymous_0)
FNF:1
FNH:1
FNDA:1,(anonymous_0)
DA:2,1
DA:3,1
DA:4,1
DA:5,1
DA:6,1
DA:7,1
DA:8,1
DA:9,1
DA:10,1
LF:9
LH:9
BRF:0
BRH:0
end_of_record
TN:
SF:/Users/jerssonma/Personal/tech-tests/global-66/src/utils/strings.js
FN:1,(anonymous_0)
FN:4,(anonymous_1)
FN:6,(anonymous_2)
FNF:3
FNH:3
FNDA:1,(anonymous_0)
FNDA:1,(anonymous_1)
FNDA:2,(anonymous_2)
DA:1,2
DA:2,1
DA:4,2
DA:5,1
DA:7,2
LF:5
LH:5
BRDA:1,0,0,0
BRDA:1,1,0,0
BRDA:4,2,0,0
BRDA:7,3,0,2
BRDA:7,3,1,1
BRDA:7,4,0,1
BRDA:7,4,1,1
BRF:7
BRH:4
end_of_record
